作品预设列表 [ { name: 'C0', avoid: [] },
  { name: 'C1', avoid: [] },
  { name: 'C2', avoid: [] },
  { name: 'C3', avoid: [] },
  { name: 'C4', avoid: [] },
  { name: 'C5', avoid: [] },
  { name: 'C6', avoid: [] },
  { name: 'C7', avoid: [] },
  { name: 'C8', avoid: [] },
  { name: 'C9', avoid: [] },
  { name: 'H0', avoid: [ 57, 56, 0 ] },
  { name: 'H1', avoid: [ 3, 53, 33 ] },
  { name: 'H2', avoid: [ 7, 67, 20 ] },
  { name: 'H3', avoid: [ 58, 1, 10 ] },
  { name: 'H4', avoid: [ 73, 48, 38 ] },
  { name: 'H5', avoid: [ 77, 41, 40 ] },
  { name: 'H6', avoid: [ 20, 8, 73 ] },
  { name: 'H7', avoid: [ 39, 75, 37 ] },
  { name: 'H8', avoid: [ 6, 62, 79 ] },
  { name: 'H9', avoid: [ 37, 63, 34 ] },
  { name: 'H10', avoid: [ 47, 57, 40 ] },
  { name: 'H11', avoid: [ 11, 3, 3 ] },
  { name: 'H12', avoid: [ 65, 6, 5 ] },
  { name: 'H13', avoid: [ 43, 31, 38 ] },
  { name: 'H14', avoid: [ 54, 39, 37 ] },
  { name: 'H15', avoid: [ 50, 59, 5 ] },
  { name: 'H16', avoid: [ 27, 0, 8 ] },
  { name: 'H17', avoid: [ 1, 73, 68 ] },
  { name: 'H18', avoid: [ 78, 30, 67 ] },
  { name: 'H19', avoid: [ 40, 36, 77 ] },
  { name: 'H20', avoid: [ 28, 10, 1 ] },
  { name: 'H21', avoid: [ 0, 71, 22 ] },
  { name: 'H22', avoid: [ 37, 30, 21 ] },
  { name: 'H23', avoid: [ 37, 73, 43 ] },
  { name: 'H24', avoid: [ 25, 68, 11 ] },
  { name: 'H25', avoid: [ 75, 36, 36 ] },
  { name: 'H26', avoid: [ 28, 14, 74 ] },
  { name: 'H27', avoid: [ 12, 23, 60 ] },
  { name: 'H28', avoid: [ 9, 0, 50 ] },
  { name: 'H29', avoid: [ 60, 62, 30 ] },
  { name: 'H30', avoid: [ 32, 54, 54 ] },
  { name: 'H31', avoid: [ 45, 73, 29 ] },
  { name: 'H32', avoid: [ 13, 9, 70 ] },
  { name: 'H33', avoid: [ 69, 20, 4 ] },
  { name: 'H34', avoid: [ 39, 56, 40 ] },
  { name: 'H35', avoid: [ 31, 14, 49 ] },
  { name: 'H36', avoid: [ 14, 77, 63 ] },
  { name: 'H37', avoid: [ 64, 57, 23 ] },
  { name: 'H38', avoid: [ 11, 48, 16 ] },
  { name: 'H39', avoid: [ 49, 64, 4 ] },
  { name: 'H40', avoid: [ 30, 39, 25 ] },
  { name: 'H41', avoid: [ 35, 72, 24 ] },
  { name: 'H42', avoid: [ 73, 11, 50 ] },
  { name: 'H43', avoid: [ 1, 32, 25 ] },
  { name: 'H44', avoid: [ 45, 44, 52 ] },
  { name: 'H45', avoid: [ 18, 36, 78 ] },
  { name: 'H46', avoid: [ 50, 36, 9 ] },
  { name: 'H47', avoid: [ 15, 63, 45 ] },
  { name: 'H48', avoid: [ 59, 46, 7 ] },
  { name: 'H49', avoid: [ 9, 13, 52 ] },
  { name: 'H50', avoid: [ 75, 6, 52 ] },
  { name: 'H51', avoid: [ 43, 9, 77 ] },
  { name: 'H52', avoid: [ 36, 74, 8 ] },
  { name: 'H53', avoid: [ 21, 47, 33 ] },
  { name: 'H54', avoid: [ 32, 28, 50 ] },
  { name: 'H55', avoid: [ 56, 19, 0 ] },
  { name: 'H56', avoid: [ 64, 47, 24 ] },
  { name: 'H57', avoid: [ 41, 19, 51 ] },
  { name: 'H58', avoid: [ 28, 54, 14 ] },
  { name: 'H59', avoid: [ 33, 2, 65 ] },
  { name: 'H60', avoid: [ 72, 18, 52 ] },
  { name: 'H61', avoid: [ 71, 27, 28 ] },
  { name: 'H62', avoid: [ 50, 55, 69 ] },
  { name: 'H63', avoid: [ 42, 15, 78 ] },
  { name: 'H64', avoid: [ 39, 41, 61 ] },
  { name: 'H65', avoid: [ 71, 79, 50 ] },
  { name: 'H66', avoid: [ 1, 19, 16 ] },
  { name: 'H67', avoid: [ 22, 64, 20 ] },
  { name: 'H68', avoid: [ 77, 31, 65 ] },
  { name: 'H69', avoid: [ 77, 69, 11 ] },
  { name: 'H70', avoid: [ 25, 48, 26 ] },
  { name: 'H71', avoid: [ 73, 64, 59 ] },
  { name: 'H72', avoid: [ 71, 11, 4 ] },
  { name: 'H73', avoid: [ 52, 67, 64 ] },
  { name: 'H74', avoid: [ 32, 49, 64 ] },
  { name: 'H75', avoid: [ 41, 64, 56 ] },
  { name: 'H76', avoid: [ 29, 40, 1 ] },
  { name: 'H77', avoid: [ 38, 28, 71 ] },
  { name: 'H78', avoid: [ 40, 76, 0 ] },
  { name: 'H79', avoid: [ 27, 64, 44 ] },
  { name: 'H80', avoid: [ 16, 31, 78 ] },
  { name: 'H81', avoid: [ 61, 50, 75 ] },
  { name: 'H82', avoid: [ 57, 23, 73 ] },
  { name: 'H83', avoid: [ 60, 59, 41 ] },
  { name: 'H84', avoid: [ 54, 66, 3 ] },
  { name: 'H85', avoid: [ 57, 58, 58 ] },
  { name: 'H86', avoid: [ 28, 11, 43 ] },
  { name: 'H87', avoid: [ 0, 38, 43 ] },
  { name: 'H88', avoid: [ 41, 53, 0 ] },
  { name: 'H89', avoid: [ 34, 68, 3 ] },
  ... 400 more items ]
预设专家列表 0,1,2,3,4,5,6,7,8,9,10,11,12,13,14,15,16,17,18,19,20,21,22,23,24,25,26,27,28,29,30,31,32,33,34,35,36,37,38,39,40,41,42,43,44,45,46,47,48,49,50,51,52,53,54,55,56,57,58,59,60,61,62,63,64,65,66,67,68,69,70,71,72,73,74,75,76,77,78,79
开始分配 1603781763953
系统所需评审作品数量： 500
预设专家总分配次数： 1520
系统所需陪审次数： 1500
结束分配 1603781764922
用时 969
剩余专家次数 20
作品纬度查看分配情况 [ { name: 'C7',
    avoid: [],
    expert: [ 75, 44, 58 ],
    need: 0,
    allE: 16,
    demand: 16 },
  { name: 'C2',
    avoid: [],
    expert: [ 23, 47, 75 ],
    need: 0,
    allE: 18,
    demand: 18 },
  { name: 'C3',
    avoid: [],
    expert: [ 16, 72, 33 ],
    need: 0,
    allE: 21,
    demand: 21 },
  { name: 'C4',
    avoid: [],
    expert: [ 28, 76, 38 ],
    need: 0,
    allE: 23,
    demand: 23 },
  { name: 'C5',
    avoid: [],
    expert: [ 36, 44, 63 ],
    need: 0,
    allE: 24,
    demand: 24 },
  { name: 'C8',
    avoid: [],
    expert: [ 5, 35, 57 ],
    need: 0,
    allE: 27,
    demand: 27 },
  { name: 'C1',
    avoid: [],
    expert: [ 17, 70, 27 ],
    need: 0,
    allE: 30,
    demand: 30 },
  { name: 'C9',
    avoid: [],
    expert: [ 17, 18, 22 ],
    need: 0,
    allE: 32,
    demand: 32 },
  { name: 'C0',
    avoid: [],
    expert: [ 39, 42, 55 ],
    need: 0,
    allE: 35,
    demand: 35 },
  { name: 'C6',
    avoid: [],
    expert: [ 28, 37, 56 ],
    need: 0,
    allE: 37,
    demand: 37 },
  { name: 'H83',
    avoid: [ 60, 59, 41 ],
    expert: [ 69, 43, 30 ],
    need: 0,
    allE: 74,
    demand: 74 },
  { name: 'H11',
    avoid: [ 11, 3, 3 ],
    expert: [ 57, 25, 5 ],
    need: 0,
    allE: 38,
    demand: 38 },
  { name: 'H142',
    avoid: [ 69, 40, 40 ],
    expert: [ 59, 76, 4 ],
    need: 0,
    allE: 40,
    demand: 40 },
  { name: 'H181',
    avoid: [ 3, 52, 51 ],
    expert: [ 57, 42, 35 ],
    need: 0,
    allE: 40,
    demand: 40 },
  { name: 'H108',
    avoid: [ 65, 4, 4 ],
    expert: [ 66, 79, 58 ],
    need: 0,
    allE: 41,
    demand: 41 },
  { name: 'H167',
    avoid: [ 19, 11, 49 ],
    expert: [ 77, 18, 67 ],
    need: 0,
    allE: 43,
    demand: 43 },
  { name: 'H248',
    avoid: [ 31, 28, 19 ],
    expert: [ 43, 49, 45 ],
    need: 0,
    allE: 45,
    demand: 45 },
  { name: 'H184',
    avoid: [ 11, 29, 22 ],
    expert: [ 17, 73, 16 ],
    need: 0,
    allE: 46,
    demand: 46 },
  { name: 'H18',
    avoid: [ 78, 30, 67 ],
    expert: [ 7, 58, 46 ],
    need: 0,
    allE: 47,
    demand: 47 },
  { name: 'H22',
    avoid: [ 37, 30, 21 ],
    expert: [ 46, 34, 36 ],
    need: 0,
    allE: 48,
    demand: 48 },
  { name: 'H170',
    avoid: [ 29, 2, 58 ],
    expert: [ 77, 38, 55 ],
    need: 0,
    allE: 48,
    demand: 48 },
  { name: 'H118',
    avoid: [ 31, 31, 14 ],
    expert: [ 54, 47, 46 ],
    need: 0,
    allE: 48,
    demand: 48 },
  { name: 'H1',
    avoid: [ 3, 53, 33 ],
    expert: [ 51, 22, 74 ],
    need: 0,
    allE: 49,
    demand: 49 },
  { name: 'H12',
    avoid: [ 65, 6, 5 ],
    expert: [ 0, 67, 41 ],
    need: 0,
    allE: 51,
    demand: 51 },
  { name: 'H25',
    avoid: [ 75, 36, 36 ],
    expert: [ 32, 16, 62 ],
    need: 0,
    allE: 51,
    demand: 51 },
  { name: 'H268',
    avoid: [ 18, 23, 30 ],
    expert: [ 48, 4, 43 ],
    need: 0,
    allE: 51,
    demand: 51 },
  { name: 'H175',
    avoid: [ 19, 48, 1 ],
    expert: [ 44, 8, 76 ],
    need: 0,
    allE: 51,
    demand: 51 },
  { name: 'H30',
    avoid: [ 32, 54, 54 ],
    expert: [ 18, 47, 37 ],
    need: 0,
    allE: 51,
    demand: 51 },
  { name: 'H10',
    avoid: [ 47, 57, 40 ],
    expert: [ 62, 51, 13 ],
    need: 0,
    allE: 52,
    demand: 52 },
  { name: 'H56',
    avoid: [ 64, 47, 24 ],
    expert: [ 18, 11, 25 ],
    need: 0,
    allE: 53,
    demand: 53 },
  { name: 'H28',
    avoid: [ 9, 0, 50 ],
    expert: [ 43, 2, 41 ],
    need: 0,
    allE: 54,
    demand: 54 },
  { name: 'H276',
    avoid: [ 63, 9, 78 ],
    expert: [ 66, 41, 75 ],
    need: 0,
    allE: 54,
    demand: 54 },
  { name: 'H44',
    avoid: [ 45, 44, 52 ],
    expert: [ 76, 77, 14 ],
    need: 0,
    allE: 54,
    demand: 54 },
  { name: 'H114',
    avoid: [ 4, 66, 4 ],
    expert: [ 42, 7, 12 ],
    need: 0,
    allE: 55,
    demand: 55 },
  { name: 'H85',
    avoid: [ 57, 58, 58 ],
    expert: [ 66, 67, 55 ],
    need: 0,
    allE: 55,
    demand: 55 },
  { name: 'H236',
    avoid: [ 52, 77, 23 ],
    expert: [ 69, 51, 14 ],
    need: 0,
    allE: 56,
    demand: 56 },
  { name: 'H57',
    avoid: [ 41, 19, 51 ],
    expert: [ 8, 70, 59 ],
    need: 0,
    allE: 56,
    demand: 56 },
  { name: 'H288',
    avoid: [ 41, 66, 30 ],
    expert: [ 5, 36, 18 ],
    need: 0,
    allE: 56,
    demand: 56 },
  { name: 'H196',
    avoid: [ 32, 54, 73 ],
    expert: [ 34, 1, 51 ],
    need: 0,
    allE: 55,
    demand: 55 },
  { name: 'H14',
    avoid: [ 54, 39, 37 ],
    expert: [ 14, 5, 33 ],
    need: 0,
    allE: 55,
    demand: 55 },
  { name: 'H36',
    avoid: [ 14, 77, 63 ],
    expert: [ 55, 3, 43 ],
    need: 0,
    allE: 56,
    demand: 56 },
  { name: 'H182',
    avoid: [ 5, 8, 46 ],
    expert: [ 53, 3, 31 ],
    need: 0,
    allE: 58,
    demand: 58 },
  { name: 'H32',
    avoid: [ 13, 9, 70 ],
    expert: [ 79, 18, 1 ],
    need: 0,
    allE: 58,
    demand: 58 },
  { name: 'H220',
    avoid: [ 33, 48, 59 ],
    expert: [ 77, 26, 73 ],
    need: 0,
    allE: 59,
    demand: 59 },
  { name: 'H256',
    avoid: [ 1, 2, 9 ],
    expert: [ 6, 58, 73 ],
    need: 0,
    allE: 60,
    demand: 60 },
  { name: 'H162',
    avoid: [ 58, 76, 70 ],
    expert: [ 50, 77, 64 ],
    need: 0,
    allE: 61,
    demand: 61 },
  { name: 'H280',
    avoid: [ 50, 60, 44 ],
    expert: [ 63, 14, 27 ],
    need: 0,
    allE: 61,
    demand: 61 },
  { name: 'H163',
    avoid: [ 79, 50, 51 ],
    expert: [ 13, 6, 40 ],
    need: 0,
    allE: 62,
    demand: 62 },
  { name: 'H26',
    avoid: [ 28, 14, 74 ],
    expert: [ 40, 61, 73 ],
    need: 0,
    allE: 63,
    demand: 63 },
  { name: 'H284',
    avoid: [ 48, 12, 8 ],
    expert: [ 43, 68, 73 ],
    need: 0,
    allE: 63,
    demand: 63 },
  { name: 'H264',
    avoid: [ 27, 43, 68 ],
    expert: [ 71, 40, 16 ],
    need: 0,
    allE: 64,
    demand: 64 },
  { name: 'H48',
    avoid: [ 59, 46, 7 ],
    expert: [ 3, 26, 44 ],
    need: 0,
    allE: 64,
    demand: 64 },
  { name: 'H244',
    avoid: [ 13, 60, 9 ],
    expert: [ 30, 51, 40 ],
    need: 0,
    allE: 65,
    demand: 65 },
  { name: 'H187',
    avoid: [ 48, 18, 42 ],
    expert: [ 8, 78, 14 ],
    need: 0,
    allE: 66,
    demand: 66 },
  { name: 'H228',
    avoid: [ 78, 5, 28 ],
    expert: [ 0, 7, 17 ],
    need: 0,
    allE: 66,
    demand: 66 },
  { name: 'H212',
    avoid: [ 17, 13, 0 ],
    expert: [ 11, 66, 2 ],
    need: 0,
    allE: 66,
    demand: 66 },
  { name: 'H204',
    avoid: [ 77, 68, 75 ],
    expert: [ 6, 27, 12 ],
    need: 0,
    allE: 66,
    demand: 66 },
  { name: 'H185',
    avoid: [ 41, 59, 31 ],
    expert: [ 73, 20, 55 ],
    need: 0,
    allE: 67,
    demand: 67 },
  { name: 'H52',
    avoid: [ 36, 74, 8 ],
    expert: [ 51, 43, 73 ],
    need: 0,
    allE: 67,
    demand: 67 },
  { name: 'H186',
    avoid: [ 11, 56, 57 ],
    expert: [ 48, 20, 3 ],
    need: 0,
    allE: 67,
    demand: 67 },
  { name: 'H40',
    avoid: [ 30, 39, 25 ],
    expert: [ 78, 13, 42 ],
    need: 0,
    allE: 67,
    demand: 67 },
  { name: 'H260',
    avoid: [ 54, 2, 48 ],
    expert: [ 32, 6, 60 ],
    need: 0,
    allE: 67,
    demand: 67 },
  { name: 'H183',
    avoid: [ 69, 64, 31 ],
    expert: [ 66, 21, 59 ],
    need: 0,
    allE: 68,
    demand: 68 },
  { name: 'H252',
    avoid: [ 59, 66, 54 ],
    expert: [ 32, 8, 18 ],
    need: 0,
    allE: 68,
    demand: 68 },
  { name: 'H180',
    avoid: [ 13, 10, 49 ],
    expert: [ 18, 69, 45 ],
    need: 0,
    allE: 68,
    demand: 68 },
  { name: 'H7',
    avoid: [ 39, 75, 37 ],
    expert: [ 4, 69, 16 ],
    need: 0,
    allE: 68,
    demand: 68 },
  { name: 'H179',
    avoid: [ 60, 64, 22 ],
    expert: [ 7, 40, 59 ],
    need: 0,
    allE: 68,
    demand: 68 },
  { name: 'H232',
    avoid: [ 36, 74, 28 ],
    expert: [ 61, 67, 26 ],
    need: 0,
    allE: 68,
    demand: 68 },
  { name: 'H178',
    avoid: [ 67, 68, 44 ],
    expert: [ 59, 52, 24 ],
    need: 0,
    allE: 70,
    demand: 70 },
  { name: 'H224',
    avoid: [ 31, 69, 48 ],
    expert: [ 25, 78, 6 ],
    need: 0,
    allE: 70,
    demand: 70 },
  { name: 'H177',
    avoid: [ 60, 43, 66 ],
    expert: [ 15, 62, 49 ],
    need: 0,
    allE: 71,
    demand: 71 },
  { name: 'H216',
    avoid: [ 68, 33, 5 ],
    expert: [ 18, 17, 31 ],
    need: 0,
    allE: 71,
    demand: 71 },
  { name: 'H176',
    avoid: [ 11, 27, 13 ],
    expert: [ 37, 67, 20 ],
    need: 0,
    allE: 71,
    demand: 71 },
  { name: 'H208',
    avoid: [ 12, 10, 64 ],
    expert: [ 21, 71, 30 ],
    need: 0,
    allE: 71,
    demand: 71 },
  { name: 'H174',
    avoid: [ 40, 28, 52 ],
    expert: [ 58, 62, 31 ],
    need: 0,
    allE: 71,
    demand: 71 },
  { name: 'H200',
    avoid: [ 73, 8, 38 ],
    expert: [ 63, 78, 69 ],
    need: 0,
    allE: 71,
    demand: 71 },
  { name: 'H173',
    avoid: [ 41, 7, 16 ],
    expert: [ 63, 59, 24 ],
    need: 0,
    allE: 71,
    demand: 71 },
  { name: 'H192',
    avoid: [ 73, 72, 23 ],
    expert: [ 71, 43, 18 ],
    need: 0,
    allE: 71,
    demand: 71 },
  { name: 'H172',
    avoid: [ 47, 43, 10 ],
    expert: [ 58, 36, 73 ],
    need: 0,
    allE: 71,
    demand: 71 },
  { name: 'H54',
    avoid: [ 32, 28, 50 ],
    expert: [ 60, 14, 54 ],
    need: 0,
    allE: 71,
    demand: 71 },
  { name: 'H171',
    avoid: [ 69, 46, 18 ],
    expert: [ 8, 64, 56 ],
    need: 0,
    allE: 71,
    demand: 71 },
  { name: 'H50',
    avoid: [ 75, 6, 52 ],
    expert: [ 58, 73, 23 ],
    need: 0,
    allE: 71,
    demand: 71 },
  { name: 'H188',
    avoid: [ 1, 51, 67 ],
    expert: [ 43, 10, 54 ],
    need: 0,
    allE: 71,
    demand: 71 },
  { name: 'H46',
    avoid: [ 50, 36, 9 ],
    expert: [ 13, 46, 63 ],
    need: 0,
    allE: 71,
    demand: 71 },
  { name: 'H169',
    avoid: [ 70, 26, 43 ],
    expert: [ 0, 52, 20 ],
    need: 0,
    allE: 71,
    demand: 71 },
  { name: 'H42',
    avoid: [ 73, 11, 50 ],
    expert: [ 10, 0, 28 ],
    need: 0,
    allE: 71,
    demand: 71 },
  { name: 'H168',
    avoid: [ 0, 10, 59 ],
    expert: [ 35, 14, 15 ],
    need: 0,
    allE: 71,
    demand: 71 },
  { name: 'H38',
    avoid: [ 11, 48, 16 ],
    expert: [ 12, 29, 27 ],
    need: 0,
    allE: 72,
    demand: 72 },
  { name: 'H166',
    avoid: [ 31, 37, 77 ],
    expert: [ 12, 35, 10 ],
    need: 0,
    allE: 72,
    demand: 72 },
  { name: 'H34',
    avoid: [ 39, 56, 40 ],
    expert: [ 21, 48, 15 ],
    need: 0,
    allE: 72,
    demand: 72 },
  { name: 'H165',
    avoid: [ 45, 39, 36 ],
    expert: [ 73, 26, 55 ],
    need: 0,
    allE: 72,
    demand: 72 },
  { name: 'H164',
    avoid: [ 9, 61, 41 ],
    expert: [ 59, 79, 11 ],
    need: 0,
    allE: 72,
    demand: 72 },
  { name: 'H272',
    avoid: [ 17, 73, 25 ],
    expert: [ 4, 12, 78 ],
    need: 0,
    allE: 72,
    demand: 72 },
  { name: 'H24',
    avoid: [ 25, 68, 11 ],
    expert: [ 23, 19, 66 ],
    need: 0,
    allE: 73,
    demand: 73 },
  { name: 'H161',
    avoid: [ 62, 23, 47 ],
    expert: [ 7, 14, 35 ],
    need: 0,
    allE: 73,
    demand: 73 },
  { name: 'H20',
    avoid: [ 28, 10, 1 ],
    expert: [ 58, 0, 50 ],
    need: 0,
    allE: 73,
    demand: 73 },
  { name: 'H160',
    avoid: [ 44, 20, 54 ],
    expert: [ 27, 2, 75 ],
    need: 0,
    allE: 73,
    demand: 73 },
  { name: 'H16',
    avoid: [ 27, 0, 8 ],
    expert: [ 14, 24, 74 ],
    need: 0,
    allE: 73,
    demand: 73 },
  { name: 'H159',
    avoid: [ 56, 31, 32 ],
    expert: [ 21, 75, 61 ],
    need: 0,
    allE: 73,
    demand: 73 },
  { name: 'H189',
    avoid: [ 38, 73, 58 ],
    expert: [ 44, 5, 72 ],
    need: 0,
    allE: 73,
    demand: 73 },
  ... 400 more items ]
专家纬度查看分配情况 { '0':
   [ 'K83',
     'K84',
     'K173',
     'K142',
     'K61',
     'K48',
     'K21',
     'H94',
     'H263',
     'H273',
     'H129',
     'H206',
     'H282',
     'H286',
     'H20',
     'H42',
     'H169',
     'H228',
     'H12' ],
  '1':
   [ 'K10',
     'K20',
     'K151',
     'K199',
     'K155',
     'K17',
     'K150',
     'H59',
     'H231',
     'H79',
     'H277',
     'H45',
     'H194',
     'H202',
     'H144',
     'H145',
     'H32',
     'H196' ],
  '2':
   [ 'K104',
     'K14',
     'K144',
     'K47',
     'K107',
     'K11',
     'K21',
     'K65',
     'H73',
     'H78',
     'H2',
     'H104',
     'H55',
     'H210',
     'H254',
     'H150',
     'H160',
     'H212',
     'H28' ],
  '3':
   [ 'K83',
     'K58',
     'K84',
     'K54',
     'H73',
     'H221',
     'H239',
     'H249',
     'H88',
     'H251',
     'H124',
     'H134',
     'H138',
     'H270',
     'H158',
     'H186',
     'H48',
     'H182',
     'H36' ],
  '4':
   [ 'K139',
     'K31',
     'K194',
     'K54',
     'K87',
     'K152',
     'K99',
     'H76',
     'H253',
     'H105',
     'H109',
     'H127',
     'H206',
     'H266',
     'H157',
     'H272',
     'H7',
     'H268',
     'H142' ],
  '5':
   [ 'K110',
     'K136',
     'K128',
     'K159',
     'K53',
     'K115',
     'K187',
     'K122',
     'K35',
     'H271',
     'H19',
     'H190',
     'H246',
     'H8',
     'H189',
     'H14',
     'H288',
     'H11',
     'C8' ],
  '6':
   [ 'K133',
     'K80',
     'K173',
     'K148',
     'K39',
     'K67',
     'K186',
     'K79',
     'K0',
     'H72',
     'H15',
     'H131',
     'H133',
     'H134',
     'H224',
     'H260',
     'H204',
     'H163',
     'H256' ],
  '7':
   [ 'K191',
     'K28',
     'K132',
     'K29',
     'K172',
     'K190',
     'H76',
     'H243',
     'H261',
     'H98',
     'H47',
     'H130',
     'H258',
     'H161',
     'H179',
     'H228',
     'H114',
     'H18' ],
  '8':
   [ 'K5',
     'K36',
     'K177',
     'K167',
     'K125',
     'K158',
     'K35',
     'H269',
     'H0',
     'H51',
     'H218',
     'H238',
     'H258',
     'H171',
     'H252',
     'H187',
     'H57',
     'H175' ],
  '9':
   [ 'K191',
     'K28',
     'K144',
     'K80',
     'K167',
     'K176',
     'K131',
     'K71',
     'K105',
     'H211',
     'H77',
     'H229',
     'H241',
     'H86',
     'H269',
     'H271',
     'H125',
     'H131' ],
  '10':
   [ 'K26',
     'K40',
     'K141',
     'K137',
     'K179',
     'K71',
     'K102',
     'K69',
     'K103',
     'H243',
     'H17',
     'H0',
     'H210',
     'H246',
     'H155',
     'H166',
     'H42',
     'H188' ],
  '11':
   [ 'K119',
     'K88',
     'K89',
     'K92',
     'K166',
     'K16',
     'K3',
     'K160',
     'K70',
     'K161',
     'K185',
     'K118',
     'H213',
     'H263',
     'H5',
     'H202',
     'H164',
     'H212',
     'H56' ],
  '12':
   [ 'K8',
     'K50',
     'K19',
     'K54',
     'K165',
     'H233',
     'H95',
     'H96',
     'H107',
     'H0',
     'H35',
     'H122',
     'H129',
     'H137',
     'H272',
     'H166',
     'H38',
     'H204',
     'H114' ],
  '13':
   [ 'K94',
     'K30',
     'K64',
     'K56',
     'K41',
     'H207',
     'H217',
     'H223',
     'H227',
     'H247',
     'H88',
     'H265',
     'H283',
     'H240',
     'H27',
     'H46',
     'H40',
     'H163',
     'H10' ],
  '14':
   [ 'K8',
     'K141',
     'K91',
     'K121',
     'H233',
     'H80',
     'H94',
     'H240',
     'H274',
     'H16',
     'H161',
     'H168',
     'H54',
     'H187',
     'H280',
     'H14',
     'H236',
     'H44' ],
  '15':
   [ 'K153',
     'K133',
     'K178',
     'K146',
     'K49',
     'K121',
     'K87',
     'K165',
     'K105',
     'K45',
     'H91',
     'H112',
     'H35',
     'H39',
     'H43',
     'H158',
     'H34',
     'H168',
     'H177' ],
  '16':
   [ 'K116',
     'K124',
     'K55',
     'K61',
     'K138',
     'K184',
     'H84',
     'H91',
     'H37',
     'H41',
     'H198',
     'H234',
     'H278',
     'H157',
     'H7',
     'H264',
     'H25',
     'H184',
     'C3' ],
  '17':
   [ 'K171',
     'K58',
     'K128',
     'K9',
     'H63',
     'H68',
     'H88',
     'H269',
     'H3',
     'H113',
     'H21',
     'H31',
     'H121',
     'H139',
     'H216',
     'H228',
     'H184',
     'C9',
     'C1' ],
  '18':
   [ 'K63',
     'K188',
     'H203',
     'H3',
     'H120',
     'H124',
     'H130',
     'H190',
     'H133',
     'H192',
     'H216',
     'H180',
     'H252',
     'H32',
     'H288',
     'H56',
     'H30',
     'H167',
     'C9' ],
  '19':
   [ 'K22',
     'K156',
     'K78',
     'K62',
     'K6',
     'K41',
     'K52',
     'H64',
     'H74',
     'H225',
     'H235',
     'H237',
     'H103',
     'H105',
     'H289',
     'H9',
     'H127',
     'H130',
     'H24' ],
  '20':
   [ 'K106',
     'K147',
     'K182',
     'K154',
     'K149',
     'K78',
     'K129',
     'K161',
     'H239',
     'H90',
     'H109',
     'H115',
     'H226',
     'H143',
     'H278',
     'H169',
     'H176',
     'H186',
     'H185' ],
  '21':
   [ 'K137',
     'K90',
     'K3',
     'K196',
     'K170',
     'K150',
     'K48',
     'K152',
     'K172',
     'K21',
     'H90',
     'H116',
     'H123',
     'H138',
     'H156',
     'H159',
     'H34',
     'H208',
     'H183' ],
  '22':
   [ 'K94',
     'K111',
     'K39',
     'K163',
     'K181',
     'K57',
     'K186',
     'K129',
     'H65',
     'H245',
     'H87',
     'H109',
     'H13',
     'H19',
     'H4',
     'H135',
     'H156',
     'H1',
     'C9' ],
  '23':
   [ 'K97',
     'K20',
     'K96',
     'K194',
     'K44',
     'K135',
     'K75',
     'H60',
     'H195',
     'H279',
     'H21',
     'H123',
     'H137',
     'H210',
     'H214',
     'H154',
     'H24',
     'H50',
     'C2' ],
  '24':
   [ 'K189',
     'K145',
     'K187',
     'K93',
     'H191',
     'H199',
     'H65',
     'H75',
     'H235',
     'H239',
     'H92',
     'H267',
     'H102',
     'H279',
     'H9',
     'H37',
     'H16',
     'H173',
     'H178' ],
  '25':
   [ 'K61',
     'K177',
     'K160',
     'K135',
     'K11',
     'H197',
     'H225',
     'H2',
     'H102',
     'H116',
     'H49',
     'H55',
     'H132',
     'H206',
     'H6',
     'H278',
     'H224',
     'H56',
     'H11' ],
  '26':
   [ 'K100',
     'K66',
     'K132',
     'K162',
     'K79',
     'K1',
     'K95',
     'H67',
     'H215',
     'H78',
     'H255',
     'H97',
     'H15',
     'H41',
     'H222',
     'H165',
     'H232',
     'H48',
     'H220' ],
  '27':
   [ 'K16',
     'K84',
     'K81',
     'K163',
     'K59',
     'K23',
     'K4',
     'K122',
     'H74',
     'H97',
     'H100',
     'H287',
     'H123',
     'H135',
     'H160',
     'H38',
     'H204',
     'H280',
     'C1' ],
  '28':
   [ 'K197',
     'K171',
     'K169',
     'K114',
     'K115',
     'K74',
     'K45',
     'H203',
     'H213',
     'H219',
     'H93',
     'H104',
     'H117',
     'H132',
     'H136',
     'H146',
     'H42',
     'C6',
     'C4' ],
  '29':
   [ 'K119',
     'K92',
     'K16',
     'K157',
     'K164',
     'K11',
     'K102',
     'K192',
     'K76',
     'H68',
     'H211',
     'H94',
     'H263',
     'H265',
     'H96',
     'H126',
     'H194',
     'H141',
     'H38' ],
  '30':
   [ 'K174',
     'K136',
     'K24',
     'K55',
     'K67',
     'K18',
     'K168',
     'K9',
     'K118',
     'H197',
     'H219',
     'H235',
     'H83',
     'H243',
     'H277',
     'H111',
     'H250',
     'H208',
     'H244' ],
  '31':
   [ 'K14',
     'K90',
     'K140',
     'K112',
     'K181',
     'K19',
     'K67',
     'H60',
     'H207',
     'H221',
     'H98',
     'H99',
     'H105',
     'H37',
     'H47',
     'H140',
     'H174',
     'H216',
     'H182' ],
  '32':
   [ 'K26',
     'K40',
     'K7',
     'K59',
     'K27',
     'K107',
     'K86',
     'K118',
     'H71',
     'H255',
     'H257',
     'H27',
     'H122',
     'H131',
     'H153',
     'H252',
     'H260',
     'H25' ],
  '33':
   [ 'K2',
     'K194',
     'K146',
     'K23',
     'K91',
     'H191',
     'H215',
     'H73',
     'H227',
     'H249',
     'H89',
     'H98',
     'H100',
     'H101',
     'H140',
     'H254',
     'H8',
     'H14',
     'C3' ],
  '34':
   [ 'K39',
     'K164',
     'K125',
     'K64',
     'K175',
     'K180',
     'K62',
     'K183',
     'K65',
     'K37',
     'H74',
     'H229',
     'H93',
     'H95',
     'H283',
     'H289',
     'H282',
     'H196',
     'H22' ],
  '35':
   [ 'K139',
     'K126',
     'K198',
     'K148',
     'K85',
     'K185',
     'K35',
     'K41',
     'H70',
     'H281',
     'H21',
     'H27',
     'H29',
     'H222',
     'H161',
     'H166',
     'H168',
     'H181',
     'C8' ],
  '36':
   [ 'K100',
     'K178',
     'K181',
     'K114',
     'K145',
     'K27',
     'K98',
     'H77',
     'H283',
     'H4',
     'H115',
     'H5',
     'H49',
     'H246',
     'H254',
     'H172',
     'H288',
     'H22',
     'C5' ],
  '37':
   [ 'K191',
     'K2',
     'K151',
     'K124',
     'K7',
     'K57',
     'K33',
     'K38',
     'K64',
     'K98',
     'K75',
     'H201',
     'H71',
     'H110',
     'H137',
     'H141',
     'H176',
     'H30',
     'C6' ],
  '38':
   [ 'K101',
     'K12',
     'K112',
     'K155',
     'K162',
     'K70',
     'K152',
     'K37',
     'H205',
     'H93',
     'H267',
     'H106',
     'H110',
     'H29',
     'H121',
     'H153',
     'H8',
     'H170',
     'C4' ],
  '39':
   [ 'K82',
     'K197',
     'K58',
     'K136',
     'K123',
     'K46',
     'K158',
     'K6',
     'K76',
     'H199',
     'H69',
     'H86',
     'H103',
     'H4',
     'H117',
     'H230',
     'H149',
     'H270',
     'C0' ],
  '40':
   [ 'K113',
     'K104',
     'K195',
     'K50',
     'K15',
     'K31',
     'K72',
     'K149',
     'K59',
     'K103',
     'H287',
     'H23',
     'H33',
     'H151',
     'H179',
     'H244',
     'H264',
     'H26',
     'H163' ],
  '41':
   [ 'K24',
     'K81',
     'K125',
     'K66',
     'K34',
     'K13',
     'H69',
     'H79',
     'H95',
     'H100',
     'H275',
     'H135',
     'H138',
     'H6',
     'H147',
     'H148',
     'H276',
     'H28',
     'H12' ],
  '42':
   [ 'K116',
     'K89',
     'K80',
     'K178',
     'K149',
     'K33',
     'K46',
     'H71',
     'H219',
     'H265',
     'H110',
     'H117',
     'H132',
     'H151',
     'H152',
     'H40',
     'H114',
     'H181',
     'C0' ],
  '43':
   [ 'K195',
     'K189',
     'K60',
     'K127',
     'K155',
     'K74',
     'K170',
     'H64',
     'H82',
     'H83',
     'H119',
     'H188',
     'H192',
     'H52',
     'H284',
     'H36',
     'H28',
     'H268',
     'H248' ],
  '44':
   [ 'K189',
     'K5',
     'K72',
     'K57',
     'K120',
     'K85',
     'H211',
     'H69',
     'H72',
     'H227',
     'H81',
     'H41',
     'H146',
     'H147',
     'H189',
     'H48',
     'H175',
     'C5',
     'C7' ],
  '45':
   [ 'K92',
     'K104',
     'K142',
     'K47',
     'K127',
     'K163',
     'K164',
     'K18',
     'K143',
     'K38',
     'H61',
     'H197',
     'H65',
     'H209',
     'H275',
     'H149',
     'H150',
     'H180',
     'H248' ],
  '46':
   [ 'K82',
     'K151',
     'K137',
     'K128',
     'K124',
     'K63',
     'K3',
     'K186',
     'K132',
     'K138',
     'K6',
     'H68',
     'H245',
     'H279',
     'H289',
     'H46',
     'H118',
     'H22',
     'H18' ],
  '47':
   [ 'K159',
     'K31',
     'K63',
     'K51',
     'K25',
     'K102',
     'K48',
     'K52',
     'H61',
     'H62',
     'H81',
     'H96',
     'H285',
     'H47',
     'H128',
     'H148',
     'H30',
     'H118',
     'C2' ],
  '48':
   [ 'K197',
     'K2',
     'K12',
     'K130',
     'K72',
     'K42',
     'K172',
     'K192',
     'K65',
     'H217',
     'H107',
     'H112',
     'H29',
     'H33',
     'H140',
     'H34',
     'H186',
     'H268' ],
  '49':
   [ 'K111',
     'K97',
     'K15',
     'K193',
     'K73',
     'K188',
     'K184',
     'K32',
     'K56',
     'K190',
     'H58',
     'H84',
     'H115',
     'H51',
     'H53',
     'H214',
     'H177',
     'H248' ],
  '50':
   [ 'K36',
     'K120',
     'K13',
     'K1',
     'K183',
     'H195',
     'H203',
     'H91',
     'H92',
     'H259',
     'H281',
     'H39',
     'H129',
     'H144',
     'H152',
     'H155',
     'H286',
     'H20',
     'H162' ],
  '51':
   [ 'K94',
     'K22',
     'K28',
     'K123',
     'K193',
     'K169',
     'K177',
     'K107',
     'K43',
     'H63',
     'H241',
     'H145',
     'H250',
     'H52',
     'H244',
     'H196',
     'H236',
     'H10',
     'H1' ],
  '52':
   [ 'K83',
     'K147',
     'K68',
     'K199',
     'K176',
     'K25',
     'K138',
     'H58',
     'H59',
     'H195',
     'H61',
     'H70',
     'H89',
     'H90',
     'H281',
     'H35',
     'H125',
     'H169',
     'H178' ],
  '53':
   [ 'K51',
     'K73',
     'K17',
     'K66',
     'K129',
     'K134',
     'K105',
     'K99',
     'K43',
     'H201',
     'H67',
     'H84',
     'H251',
     'H261',
     'H273',
     'H127',
     'H190',
     'H153',
     'H182' ],
  '54':
   [ 'K100',
     'K10',
     'K120',
     'K42',
     'K109',
     'K78',
     'K86',
     'K117',
     'H199',
     'H241',
     'H249',
     'H285',
     'H23',
     'H128',
     'H214',
     'H188',
     'H54',
     'H118' ],
  '55':
   [ 'K88',
     'K113',
     'K174',
     'K179',
     'K36',
     'K160',
     'K45',
     'H257',
     'H273',
     'H33',
     'H125',
     'H43',
     'H198',
     'H165',
     'H185',
     'H36',
     'H85',
     'H170',
     'C0' ],
  '56':
   [ 'K108',
     'K154',
     'K77',
     'K51',
     'K162',
     'K175',
     'K103',
     'K95',
     'H66',
     'H237',
     'H253',
     'H97',
     'H107',
     'H124',
     'H43',
     'H53',
     'H250',
     'H171',
     'C6' ],
  '57':
   [ 'K106',
     'K193',
     'K148',
     'K33',
     'K131',
     'K18',
     'K87',
     'H201',
     'H205',
     'H221',
     'H225',
     'H271',
     'H99',
     'H285',
     'H31',
     'H139',
     'H181',
     'H11',
     'C8' ],
  '58':
   [ 'K50',
     'K157',
     'K131',
     'K27',
     'K49',
     'K44',
     'H223',
     'H267',
     'H230',
     'H20',
     'H50',
     'H172',
     'H174',
     'H256',
     'H18',
     'H108',
     'C7' ],
  '59':
   [ 'K116',
     'K89',
     'K195',
     'K24',
     'K77',
     'K4',
     'K165',
     'H275',
     'H23',
     'H120',
     'H122',
     'H262',
     'H164',
     'H173',
     'H178',
     'H179',
     'H183',
     'H57',
     'H142' ],
  '60':
   [ 'K133',
     'K68',
     'K169',
     'K140',
     'K146',
     'K115',
     'K168',
     'K150',
     'K13',
     'H191',
     'H59',
     'H64',
     'H5',
     'H133',
     'H242',
     'H156',
     'H54',
     'H260' ],
  '61':
   [ 'K166',
     'K141',
     'K198',
     'K108',
     'K60',
     'K73',
     'K180',
     'K32',
     'K56',
     'H193',
     'H259',
     'H31',
     'H218',
     'H230',
     'H151',
     'H152',
     'H159',
     'H232',
     'H26' ],
  '62':
   [ 'K7',
     'K108',
     'K156',
     'K130',
     'K167',
     'K176',
     'K29',
     'K117',
     'K85',
     'H261',
     'H136',
     'H141',
     'H226',
     'H143',
     'H234',
     'H174',
     'H177',
     'H10',
     'H25' ],
  '63':
   [ 'K14',
     'K153',
     'K144',
     'K156',
     'K145',
     'K25',
     'K93',
     'H15',
     'H126',
     'H139',
     'H238',
     'H145',
     'H258',
     'H46',
     'H173',
     'H200',
     'H280',
     'C5' ],
  '64':
   [ 'K173',
     'K55',
     'K60',
     'K49',
     'K29',
     'K46',
     'K117',
     'K79',
     'K69',
     'K134',
     'H207',
     'H213',
     'H259',
     'H103',
     'H106',
     'H202',
     'H171',
     'H162' ],
  '65':
   [ 'K101',
     'K22',
     'K53',
     'K91',
     'K158',
     'H193',
     'H67',
     'H245',
     'H86',
     'H247',
     'H255',
     'H9',
     'H240',
     'H111',
     'H17',
     'H45',
     'H55',
     'H144',
     'H274' ],
  '66':
   [ 'K8',
     'K139',
     'K15',
     'K34',
     'K187',
     'K134',
     'H215',
     'H77',
     'H81',
     'H53',
     'H6',
     'H274',
     'H157',
     'H24',
     'H183',
     'H212',
     'H85',
     'H276',
     'H108' ],
  '67':
   [ 'K119',
     'K88',
     'K26',
     'K123',
     'K86',
     'K143',
     'K9',
     'K95',
     'K37',
     'H82',
     'H106',
     'H128',
     'H150',
     'H282',
     'H176',
     'H232',
     'H85',
     'H12',
     'H167' ],
  '68':
   [ 'K196',
     'K109',
     'K122',
     'K190',
     'H60',
     'H62',
     'H66',
     'H217',
     'H72',
     'H223',
     'H251',
     'H287',
     'H113',
     'H194',
     'H218',
     'H146',
     'H262',
     'H284' ],
  '69':
   [ 'K159',
     'K44',
     'K121',
     'K71',
     'K188',
     'K69',
     'K161',
     'K75',
     'H229',
     'H78',
     'H83',
     'H101',
     'H113',
     'H51',
     'H266',
     'H200',
     'H7',
     'H180',
     'H236' ],
  '70':
   [ 'K153',
     'K182',
     'K17',
     'K34',
     'K4',
     'K32',
     'K185',
     'H231',
     'H247',
     'H87',
     'H104',
     'H3',
     'H39',
     'H234',
     'H242',
     'H266',
     'H154',
     'H57',
     'C1' ],
  '71':
   [ 'K97',
     'K110',
     'K90',
     'K53',
     'K30',
     'K1',
     'K99',
     'H209',
     'H75',
     'H82',
     'H116',
     'H45',
     'H134',
     'H226',
     'H154',
     'H158',
     'H192',
     'H208',
     'H264' ],
  '72':
   [ 'K111',
     'K126',
     'K154',
     'K12',
     'K19',
     'K114',
     'K109',
     'K74',
     'H193',
     'H63',
     'H66',
     'H80',
     'H2',
     'H89',
     'H17',
     'H19',
     'H149',
     'H189',
     'C3' ],
  '73':
   [ 'K113',
     'K126',
     'K179',
     'K81',
     'K30',
     'K168',
     'H75',
     'H257',
     'H49',
     'H165',
     'H50',
     'H172',
     'H52',
     'H185',
     'H284',
     'H26',
     'H256',
     'H220',
     'H184' ],
  '74':
   [ 'K182',
     'K96',
     'K5',
     'K47',
     'K112',
     'K143',
     'K175',
     'K62',
     'H253',
     'H101',
     'H13',
     'H119',
     'H136',
     'H143',
     'H262',
     'H16',
     'H1' ],
  '75':
   [ 'K101',
     'K68',
     'K198',
     'K96',
     'K42',
     'K180',
     'K43',
     'H233',
     'H237',
     'H87',
     'H102',
     'H148',
     'H155',
     'H159',
     'H160',
     'H276',
     'C2',
     'C7' ],
  '76':
   [ 'K110',
     'K106',
     'K157',
     'K196',
     'K98',
     'K52',
     'H62',
     'H209',
     'H70',
     'H231',
     'H13',
     'H119',
     'H198',
     'H270',
     'H44',
     'H175',
     'H142',
     'C4' ],
  '77':
   [ 'K147',
     'K140',
     'K77',
     'K170',
     'K0',
     'K93',
     'K192',
     'K76',
     'H205',
     'H79',
     'H92',
     'H111',
     'H120',
     'H242',
     'H162',
     'H220',
     'H44',
     'H170',
     'H167' ],
  '78':
   [ 'K174',
     'K171',
     'K166',
     'K40',
     'K199',
     'K130',
     'K127',
     'K135',
     'K38',
     'K0',
     'K184',
     'H277',
     'H126',
     'H222',
     'H272',
     'H200',
     'H224',
     'H40',
     'H187' ],
  '79':
   [ 'K82',
     'K10',
     'K20',
     'K142',
     'K23',
     'K70',
     'K183',
     'H58',
     'H76',
     'H80',
     'H99',
     'H112',
     'H121',
     'H238',
     'H147',
     'H286',
     'H164',
     'H32',
     'H108' ] }
